<!DOCTYPE html PUBLIC "-//W3C//DTD XHTML 1.1//EN" "http://www.w3.org/TR/xhtml11/DTD/xhtml11.dtd">
<html xmlns="http://www.w3.org/1999/xhtml">
<head>
    <meta charset='utf-8'>
    <title>TestNG Report</title>
    <style type="text/css">
table {margin-bottom:10px;border-collapse:collapse;empty-cells:show}
td,th {border:1px solid #009;padding:.25em .5em}
.result th {vertical-align:bottom}
.param th {padding-left:1em;padding-right:1em}
.param td {padding-left:.5em;padding-right:2em}
.stripe td,.stripe th {background-color: #E6EBF9}
.numi,.numi_attn {text-align:right}
.total td {font-weight:bold}
.passedodd td {background-color: #0A0}
.passedeven td {background-color: #3F3}
.skippedodd td {background-color: #CCC}
.skippedodd td {background-color: #DDD}
.failedodd td,.numi_attn {background-color: #F33}
.failedeven td,.stripe .numi_attn {background-color: #D00}
.stacktrace {white-space:pre;font-family:monospace}
.totop {font-size:85%;text-align:center;border-bottom:2px solid #000}

    </style>
</head>
<body>
<table cellpadding="0" cellspacing="0" class="testOverview">
    <tr>
        <th>Test</th>
        <th>Methods<br/>Passed</th>
        <th>Scenarios<br/>Passed</th>
        <th># skipped</th>
        <th># failed</th>
        <th>Total<br/>Time</th>
        <th>Included<br/>Groups</th>
        <th>Excluded<br/>Groups</th>
    </tr>
    <tr>
        <td style="text-align:left;padding-right:2em"><a href="#t1">D:/AutomationFromScratch/PageObjectModel/src/test/java/Tests</a>
        </td>
        <td class="numi">12</td>
        <td class="numi">12</td>
        <td class="numi">0</td>
        <td class="numi_attn">2</td>
        <td class="numi">354.9 seconds</td>
        <td class="numi"></td>
        <td class="numi"></td>
    </tr>
</table>
<table cellpadding="0" cellspacing="0" class="methodOverview" id="summary">
    <tr>
        <th>Class</th>
        <th>Method</th>
        <th># of<br/>Scenarios</th>
        <th>Start</th>
        <th>Time<br/>(ms)</th>
    </tr>
    <tr id="t1">
        <th colspan="5">D:/AutomationFromScratch/PageObjectModel/src/test/java/Tests &#8212; failed</th>
    </tr>
    <tr class="failedodd">
        <td>Tests.EmailFriendTests.EmailFriendTest</td>
        <td><a href="#m1"><b>testSendEmailToFriend</b> </a></td>
        <td class="numi">1</td>
        <td>1647138746522</td>
        <td class="numi">46338</td>
    </tr>
    <tr class="failedeven">
        <td>Tests.UserRegistrationTests.UserRegistrationTest</td>
        <td><a href="#m2"><b>testUserCanRegisterSuccessfully</b> </a></td>
        <td class="numi">1</td>
        <td>1647138984085</td>
        <td class="numi">17057</td>
    </tr>
    <tr>
        <th colspan="5">D:/AutomationFromScratch/PageObjectModel/src/test/java/Tests &#8212; passed</th>
    </tr>
    <tr class="passedodd">
        <td>Tests.ChangeCurrencyTests.changeCurrencyTest</td>
        <td><a href="#m3"><b>testUserCanChangeCurrencyToEuro</b> </a></td>
        <td class="numi">1</td>
        <td>1647138695980</td>
        <td class="numi">8914</td>
    </tr>
    <tr class="passedeven">
        <td>Tests.CheckoutTests.registeredUserCheckoutTest</td>
        <td><a href="#m4"><b>testUserCanSearchForProduct</b> </a></td>
        <td class="numi">1</td>
        <td>1647138714270</td>
        <td class="numi">6858</td>
    </tr>
    <tr class="passedodd">
        <td>Tests.ContactUsTests.contactUsTest</td>
        <td><a href="#m5"><b>testContactUs</b> </a></td>
        <td class="numi">1</td>
        <td>1647138730840</td>
        <td class="numi">6407</td>
    </tr>
    <tr class="passedeven">
        <td rowspan="2">Tests.HoverMenuTests.hoverOnMenuTest</td>
        <td><a href="#m6"><b>testUserCanSelectSubCategoriesFromHoverMenu</b> </a></td>
        <td class="numi">1</td>
        <td>1647138806768</td>
        <td class="numi">4645</td>
    </tr>
    <tr class="passedeven">
        <td><a href="#m7"><b>testUserCanSelectcolorforshoes</b> </a></td>
        <td class="numi">1</td>
        <td>1647138811414</td>
        <td class="numi">7034</td>
    </tr>
    <tr class="passedodd">
        <td>Tests.ProductReviewTests.addProductReviewTest</td>
        <td><a href="#m8"><b>testUserCanRegisterSuccessfully</b> </a></td>
        <td class="numi">1</td>
        <td>1647138835200</td>
        <td class="numi">10499</td>
    </tr>
    <tr class="passedeven">
        <td>Tests.ProductsCompareTests.productCompareTest</td>
        <td><a href="#m9"><b>UserCanAddProductsToCompare</b> </a></td>
        <td class="numi">1</td>
        <td>1647138861008</td>
        <td class="numi">34660</td>
    </tr>
    <tr class="passedodd">
        <td>Tests.SearchProductTests.SearchProductTest</td>
        <td><a href="#m10"><b>testUserCanSearchBySearchButton</b> </a></td>
        <td class="numi">1</td>
        <td>1647138906269</td>
        <td class="numi">13410</td>
    </tr>
    <tr class="passedeven">
        <td>Tests.SearchProductTests.SearchProductUsingAutoComplete</td>
        <td><a href="#m11"><b>testSearchUsingAutoComplete</b> </a></td>
        <td class="numi">1</td>
        <td>1647138930949</td>
        <td class="numi">10256</td>
    </tr>
    <tr class="passedodd">
        <td>Tests.ShoppingCartTests.ShoppingCartTest</td>
        <td><a href="#m12"><b>testUserCanAddProductToCart</b> </a></td>
        <td class="numi">1</td>
        <td>1647138952421</td>
        <td class="numi">19604</td>
    </tr>
    <tr class="passedeven">
        <td>Tests.UserRegistrationTests.Resetpassword</td>
        <td><a href="#m13"><b>testrestpasssword</b> </a></td>
        <td class="numi">1</td>
        <td>1647139012872</td>
        <td class="numi">5274</td>
    </tr>
    <tr class="passedodd">
        <td>Tests.WishListTests.addToWishlistTest</td>
        <td><a href="#m14"><b>userCanSearchForProduct</b> </a></td>
        <td class="numi">1</td>
        <td>1647139028996</td>
        <td class="numi">11997</td>
    </tr>
</table>
<h1>D:/AutomationFromScratch/PageObjectModel/src/test/java/Tests</h1>
<h2 id="m1">Tests.EmailFriendTests.EmailFriendTest:testSendEmailToFriend</h2>
<div>
    <div class="stacktrace">org.openqa.selenium.NoSuchElementException: no such element: Unable to locate element: {&quot;method&quot;:&quot;css
        selector&quot;,&quot;selector&quot;:&quot;body &gt; div.master-wrapper-page &gt; div.master-wrapper-content &gt;
        div &gt; div &gt; div &gt; div.page-body &gt; div.result&quot;}
        (Session info: chrome=99.0.4844.51)
        For documentation on this error, please visit: https://www.seleniumhq.org/exceptions/no_such_element.html
        Build info: version: &apos;3.141.59&apos;, revision: &apos;e82be7d358&apos;, time: &apos;2018-11-14T08:17:03&apos;
        System info: host: &apos;A-SAMIR&apos;, ip: &apos;10.253.6.83&apos;, os.name: &apos;Windows 10&apos;, os.arch:
        &apos;amd64&apos;, os.version: &apos;10.0&apos;, java.version: &apos;17.0.2&apos;
        Driver info: org.openqa.selenium.chrome.ChromeDriver
        Capabilities {acceptInsecureCerts: false, browserName: chrome, browserVersion: 99.0.4844.51, chrome:
        {chromedriverVersion: 99.0.4844.51 (d537ec02474b5..., userDataDir: C:\Users\AHMED~1.SAM\AppDat...},
        goog:chromeOptions: {debuggerAddress: localhost:58629}, javascriptEnabled: true, networkConnectionEnabled:
        false, pageLoadStrategy: normal, platform: WINDOWS, platformName: WINDOWS, proxy: Proxy(), setWindowRect: true,
        strictFileInteractability: false, timeouts: {implicit: 0, pageLoad: 300000, script: 30000},
        unhandledPromptBehavior: dismiss and notify, webauthn:extension:credBlob: true, webauthn:extension:largeBlob:
        true, webauthn:virtualAuthenticators: true}
        Session ID: e7729fab639b9779f4350440df18a5a8
        *** Element info: {Using=css selector, value=body &gt; div.master-wrapper-page &gt; div.master-wrapper-content
        &gt; div &gt; div &gt; div &gt; div.page-body &gt; div.result}
        at java.base/jdk.internal.reflect.NativeConstructorAccessorImpl.newInstance0(Native Method)
        at
        java.base/jdk.internal.reflect.NativeConstructorAccessorImpl.newInstance(NativeConstructorAccessorImpl.java:77)
        at
        java.base/jdk.internal.reflect.DelegatingConstructorAccessorImpl.newInstance(DelegatingConstructorAccessorImpl.java:45)
        at java.base/java.lang.reflect.Constructor.newInstanceWithCaller(Constructor.java:499)
        at java.base/java.lang.reflect.Constructor.newInstance(Constructor.java:480)
        at org.openqa.selenium.remote.http.W3CHttpResponseCodec.createException(W3CHttpResponseCodec.java:187)
        at org.openqa.selenium.remote.http.W3CHttpResponseCodec.decode(W3CHttpResponseCodec.java:122)
        at org.openqa.selenium.remote.http.W3CHttpResponseCodec.decode(W3CHttpResponseCodec.java:49)
        at org.openqa.selenium.remote.HttpCommandExecutor.execute(HttpCommandExecutor.java:158)
        at org.openqa.selenium.remote.service.DriverCommandExecutor.execute(DriverCommandExecutor.java:83)
        at org.openqa.selenium.remote.RemoteWebDriver.execute(RemoteWebDriver.java:552)
        at org.openqa.selenium.remote.RemoteWebDriver.findElement(RemoteWebDriver.java:323)
        at org.openqa.selenium.remote.RemoteWebDriver.findElementByCssSelector(RemoteWebDriver.java:420)
        at org.openqa.selenium.By$ByCssSelector.findElement(By.java:431)
        at org.openqa.selenium.remote.RemoteWebDriver.findElement(RemoteWebDriver.java:315)
        at org.openqa.selenium.support.pagefactory.DefaultElementLocator.findElement(DefaultElementLocator.java:69)
        at
        org.openqa.selenium.support.pagefactory.internal.LocatingElementHandler.invoke(LocatingElementHandler.java:38)
        at jdk.proxy2/jdk.proxy2.$Proxy14.getText(Unknown Source)
        at Tests.EmailFriendTests.EmailFriendTest.testSendEmailToFriend(EmailFriendTest.java:38)
        at java.base/jdk.internal.reflect.NativeMethodAccessorImpl.invoke0(Native Method)
        at java.base/jdk.internal.reflect.NativeMethodAccessorImpl.invoke(NativeMethodAccessorImpl.java:77)
        at java.base/jdk.internal.reflect.DelegatingMethodAccessorImpl.invoke(DelegatingMethodAccessorImpl.java:43)
        at java.base/java.lang.reflect.Method.invoke(Method.java:568)
        at org.testng.internal.MethodInvocationHelper.invokeMethod(MethodInvocationHelper.java:124)
        at org.testng.internal.Invoker.invokeMethod(Invoker.java:583)
        at org.testng.internal.Invoker.invokeTestMethod(Invoker.java:719)
        at org.testng.internal.Invoker.invokeTestMethods(Invoker.java:989)
        at org.testng.internal.TestMethodWorker.invokeTestMethods(TestMethodWorker.java:125)
        at org.testng.internal.TestMethodWorker.run(TestMethodWorker.java:109)
        at org.testng.TestRunner.privateRun(TestRunner.java:648)
        at org.testng.TestRunner.run(TestRunner.java:505)
        at org.testng.SuiteRunner.runTest(SuiteRunner.java:455)
        at org.testng.SuiteRunner.runSequentially(SuiteRunner.java:450)
        at org.testng.SuiteRunner.privateRun(SuiteRunner.java:415)
        at org.testng.SuiteRunner.run(SuiteRunner.java:364)
        at org.testng.SuiteRunnerWorker.runSuite(SuiteRunnerWorker.java:52)
        at org.testng.SuiteRunnerWorker.run(SuiteRunnerWorker.java:84)
        at org.testng.TestNG.runSuitesSequentially(TestNG.java:1208)
        at org.testng.TestNG.runSuitesLocally(TestNG.java:1137)
        at org.testng.TestNG.runSuites(TestNG.java:1049)
        at org.testng.TestNG.run(TestNG.java:1017)
        at com.intellij.rt.testng.IDEARemoteTestNG.run(IDEARemoteTestNG.java:66)
        at com.intellij.rt.testng.RemoteTestNGStarter.main(RemoteTestNGStarter.java:109)
    </div>
</div>
<p class="totop"><a href="#summary">back to summary</a></p>
<h2 id="m2">Tests.UserRegistrationTests.UserRegistrationTest:testUserCanRegisterSuccessfully</h2>
<div>
    <div class="stacktrace">org.openqa.selenium.NoSuchElementException: no such element: Unable to locate element: {&quot;method&quot;:&quot;css
        selector&quot;,&quot;selector&quot;:&quot;div.result&quot;}
        (Session info: chrome=99.0.4844.51)
        For documentation on this error, please visit: https://www.seleniumhq.org/exceptions/no_such_element.html
        Build info: version: &apos;3.141.59&apos;, revision: &apos;e82be7d358&apos;, time: &apos;2018-11-14T08:17:03&apos;
        System info: host: &apos;A-SAMIR&apos;, ip: &apos;10.253.6.83&apos;, os.name: &apos;Windows 10&apos;, os.arch:
        &apos;amd64&apos;, os.version: &apos;10.0&apos;, java.version: &apos;17.0.2&apos;
        Driver info: org.openqa.selenium.chrome.ChromeDriver
        Capabilities {acceptInsecureCerts: false, browserName: chrome, browserVersion: 99.0.4844.51, chrome:
        {chromedriverVersion: 99.0.4844.51 (d537ec02474b5..., userDataDir: C:\Users\AHMED~1.SAM\AppDat...},
        goog:chromeOptions: {debuggerAddress: localhost:58937}, javascriptEnabled: true, networkConnectionEnabled:
        false, pageLoadStrategy: normal, platform: WINDOWS, platformName: WINDOWS, proxy: Proxy(), setWindowRect: true,
        strictFileInteractability: false, timeouts: {implicit: 0, pageLoad: 300000, script: 30000},
        unhandledPromptBehavior: dismiss and notify, webauthn:extension:credBlob: true, webauthn:extension:largeBlob:
        true, webauthn:virtualAuthenticators: true}
        Session ID: 1df1be5e4d81e8a3f208cb6848e14fc6
        *** Element info: {Using=css selector, value=div.result}
        at java.base/jdk.internal.reflect.NativeConstructorAccessorImpl.newInstance0(Native Method)
        at
        java.base/jdk.internal.reflect.NativeConstructorAccessorImpl.newInstance(NativeConstructorAccessorImpl.java:77)
        at
        java.base/jdk.internal.reflect.DelegatingConstructorAccessorImpl.newInstance(DelegatingConstructorAccessorImpl.java:45)
        at java.base/java.lang.reflect.Constructor.newInstanceWithCaller(Constructor.java:499)
        at java.base/java.lang.reflect.Constructor.newInstance(Constructor.java:480)
        at org.openqa.selenium.remote.http.W3CHttpResponseCodec.createException(W3CHttpResponseCodec.java:187)
        at org.openqa.selenium.remote.http.W3CHttpResponseCodec.decode(W3CHttpResponseCodec.java:122)
        at org.openqa.selenium.remote.http.W3CHttpResponseCodec.decode(W3CHttpResponseCodec.java:49)
        at org.openqa.selenium.remote.HttpCommandExecutor.execute(HttpCommandExecutor.java:158)
        at org.openqa.selenium.remote.service.DriverCommandExecutor.execute(DriverCommandExecutor.java:83)
        at org.openqa.selenium.remote.RemoteWebDriver.execute(RemoteWebDriver.java:552)
        at org.openqa.selenium.remote.RemoteWebDriver.findElement(RemoteWebDriver.java:323)
        at org.openqa.selenium.remote.RemoteWebDriver.findElementByCssSelector(RemoteWebDriver.java:420)
        at org.openqa.selenium.By$ByCssSelector.findElement(By.java:431)
        at org.openqa.selenium.remote.RemoteWebDriver.findElement(RemoteWebDriver.java:315)
        at org.openqa.selenium.support.pagefactory.DefaultElementLocator.findElement(DefaultElementLocator.java:69)
        at
        org.openqa.selenium.support.pagefactory.internal.LocatingElementHandler.invoke(LocatingElementHandler.java:38)
        at jdk.proxy2/jdk.proxy2.$Proxy14.isDisplayed(Unknown Source)
        at
        Tests.UserRegistrationTests.UserRegistrationTest.testUserCanRegisterSuccessfully(UserRegistrationTest.java:24)
        at java.base/jdk.internal.reflect.NativeMethodAccessorImpl.invoke0(Native Method)
        at java.base/jdk.internal.reflect.NativeMethodAccessorImpl.invoke(NativeMethodAccessorImpl.java:77)
        at java.base/jdk.internal.reflect.DelegatingMethodAccessorImpl.invoke(DelegatingMethodAccessorImpl.java:43)
        at java.base/java.lang.reflect.Method.invoke(Method.java:568)
        at org.testng.internal.MethodInvocationHelper.invokeMethod(MethodInvocationHelper.java:124)
        at org.testng.internal.Invoker.invokeMethod(Invoker.java:583)
        at org.testng.internal.Invoker.invokeTestMethod(Invoker.java:719)
        at org.testng.internal.Invoker.invokeTestMethods(Invoker.java:989)
        at org.testng.internal.TestMethodWorker.invokeTestMethods(TestMethodWorker.java:125)
        at org.testng.internal.TestMethodWorker.run(TestMethodWorker.java:109)
        at org.testng.TestRunner.privateRun(TestRunner.java:648)
        at org.testng.TestRunner.run(TestRunner.java:505)
        at org.testng.SuiteRunner.runTest(SuiteRunner.java:455)
        at org.testng.SuiteRunner.runSequentially(SuiteRunner.java:450)
        at org.testng.SuiteRunner.privateRun(SuiteRunner.java:415)
        at org.testng.SuiteRunner.run(SuiteRunner.java:364)
        at org.testng.SuiteRunnerWorker.runSuite(SuiteRunnerWorker.java:52)
        at org.testng.SuiteRunnerWorker.run(SuiteRunnerWorker.java:84)
        at org.testng.TestNG.runSuitesSequentially(TestNG.java:1208)
        at org.testng.TestNG.runSuitesLocally(TestNG.java:1137)
        at org.testng.TestNG.runSuites(TestNG.java:1049)
        at org.testng.TestNG.run(TestNG.java:1017)
        at com.intellij.rt.testng.IDEARemoteTestNG.run(IDEARemoteTestNG.java:66)
        at com.intellij.rt.testng.RemoteTestNGStarter.main(RemoteTestNGStarter.java:109)
    </div>
</div>
<p class="totop"><a href="#summary">back to summary</a></p>
<h2 id="m3">Tests.ProductReviewTests.addProductReviewTest:testUserCanRegisterSuccessfully</h2>
<p class="totop"><a href="#summary">back to summary</a></p>
<h2 id="m4">Tests.SearchProductTests.SearchProductUsingAutoComplete:testSearchUsingAutoComplete</h2>
<p class="totop"><a href="#summary">back to summary</a></p>
<h2 id="m5">Tests.HoverMenuTests.hoverOnMenuTest:testUserCanSelectSubCategoriesFromHoverMenu</h2>
<p class="totop"><a href="#summary">back to summary</a></p>
<h2 id="m6">Tests.UserRegistrationTests.Resetpassword:testrestpasssword</h2>
<p class="totop"><a href="#summary">back to summary</a></p>
<h2 id="m7">Tests.ShoppingCartTests.ShoppingCartTest:testUserCanAddProductToCart</h2>
<p class="totop"><a href="#summary">back to summary</a></p>
<h2 id="m8">Tests.SearchProductTests.SearchProductTest:testUserCanSearchBySearchButton</h2>
<p class="totop"><a href="#summary">back to summary</a></p>
<h2 id="m9">Tests.ProductsCompareTests.productCompareTest:UserCanAddProductsToCompare</h2>
<p class="totop"><a href="#summary">back to summary</a></p>
<h2 id="m10">Tests.WishListTests.addToWishlistTest:userCanSearchForProduct</h2>
<p class="totop"><a href="#summary">back to summary</a></p>
<h2 id="m11">Tests.CheckoutTests.registeredUserCheckoutTest:testUserCanSearchForProduct</h2>
<p class="totop"><a href="#summary">back to summary</a></p>
<h2 id="m12">Tests.HoverMenuTests.hoverOnMenuTest:testUserCanSelectcolorforshoes</h2>
<p class="totop"><a href="#summary">back to summary</a></p>
<h2 id="m13">Tests.ChangeCurrencyTests.changeCurrencyTest:testUserCanChangeCurrencyToEuro</h2>
<p class="totop"><a href="#summary">back to summary</a></p>
<h2 id="m14">Tests.ContactUsTests.contactUsTest:testContactUs</h2>
<p class="totop"><a href="#summary">back to summary</a></p>
</body>
</html>
